<?xml version="1.0" encoding="UTF-8"?>
<!-- Generated by org.testng.reporters.JUnitXMLReporter -->
<testsuite ignored="20" hostname="ABHISHEKs-MacBook-Air.local" failures="5" tests="24" name="package level execution" time="92.878" errors="0" timestamp="2024-09-15T09:03:58 IST">
  <testcase classname="program.Second_Lowest_From_Array" name="FindsecondLowest" time="0.003"/>
  <testcase classname="program.Count_NumberOfCharacter_In_String" name="countChar" time="0.001"/>
  <testcase classname="selenium.ExplicitWait" name="ExplicitWait_Method" time="15.008"/>
  <testcase classname="program.FindDuplicates_From_Array" name="findDuplicates_UsingLoop" time="0.002"/>
  <testcase classname="program.FindDuplicates_From_Array" name="findDuplicates_UsingMap" time="0.001"/>
  <testcase classname="program.FindDuplicates_From_Array" name="findDuplicates_UsingSet" time="0.001"/>
  <testcase classname="program.Highest_And_Lowest_From_Array" name="findHighestAndLowest" time="0.002"/>
  <testcase classname="selenium.Assertion" name="ExplicitWait_Method" time="22.998"/>
  <testcase classname="selenium.Fluent" name="fluentWait" time="10.295"/>
  <testcase classname="program.Iterate_HashMap" name="iterateMap" time="0.001"/>
  <testcase classname="selenium.Headless_Browsing" name="headless" time="8.459"/>
  <testcase classname="program.Perfect_Square" name="perfectSquare" time="0.004"/>
  <testcase classname="program.ReverseString_PreservingPositionOfSpace" name="rev_String" time="0.001"/>
  <testcase classname="program.ReverseString_With_Condition" name="reverseString" time="0.002"/>
  <testcase classname="program.Sorting_Array" name="sortArray" time="0.001"/>
  <testcase classname="selenium.JavaScriptExec" name="javascriptExecu" time="11.026">
    <failure type="org.openqa.selenium.NoSuchElementException" message="no such element: Unable to locate element: {&amp;quot;method&amp;quot;:&amp;quot;xpath&amp;quot;,&amp;quot;selector&amp;quot;:&amp;quot;//a[text()=&amp;apos;Contact today!&amp;apos;]&amp;quot;}
  (Session info: chrome=128.0.6613.138)
For documentation on this error, please visit: https://www.selenium.dev/documentation/webdriver/troubleshooting/errors#no-such-element-exception
Build info: version: &amp;apos;4.20.0&amp;apos;, revision: &amp;apos;866c76ca80&amp;apos;
System info: os.name: &amp;apos;Mac OS X&amp;apos;, os.arch: &amp;apos;aarch64&amp;apos;, os.version: &amp;apos;14.5&amp;apos;, java.version: &amp;apos;21.0.2&amp;apos;
Driver info: org.openqa.selenium.chrome.ChromeDriver
Command: [e5253e54f7a7a590a3731ed17d92c949, findElement {value=//a[text()=&amp;apos;Contact today!&amp;apos;], using=xpath}]
Capabilities {acceptInsecureCerts: false, browserName: chrome, browserVersion: 128.0.6613.138, chrome: {chromedriverVersion: 128.0.6613.137 (fe621c5aa2d..., userDataDir: /var/folders/y9/jv5x0s853hb...}, fedcm:accounts: true, goog:chromeOptions: {debuggerAddress: localhost:51117}, networkConnectionEnabled: false, pageLoadStrategy: normal, platformName: mac, proxy: Proxy(), se:cdp: ws://localhost:51117/devtoo..., se:cdpVersion: 128.0.6613.138, setWindowRect: true, strictFileInteractability: false, timeouts: {implicit: 0, pageLoad: 300000, script: 30000}, unhandledPromptBehavior: dismiss and notify, webauthn:extension:credBlob: true, webauthn:extension:largeBlob: true, webauthn:extension:minPinLength: true, webauthn:extension:prf: true, webauthn:virtualAuthenticators: true}
Session ID: e5253e54f7a7a590a3731ed17d92c949">
      <![CDATA[org.openqa.selenium.NoSuchElementException: no such element: Unable to locate element: {"method":"xpath","selector":"//a[text()='Contact today!']"}
  (Session info: chrome=128.0.6613.138)
For documentation on this error, please visit: https://www.selenium.dev/documentation/webdriver/troubleshooting/errors#no-such-element-exception
Build info: version: '4.20.0', revision: '866c76ca80'
System info: os.name: 'Mac OS X', os.arch: 'aarch64', os.version: '14.5', java.version: '21.0.2'
Driver info: org.openqa.selenium.chrome.ChromeDriver
Command: [e5253e54f7a7a590a3731ed17d92c949, findElement {value=//a[text()='Contact today!'], using=xpath}]
Capabilities {acceptInsecureCerts: false, browserName: chrome, browserVersion: 128.0.6613.138, chrome: {chromedriverVersion: 128.0.6613.137 (fe621c5aa2d..., userDataDir: /var/folders/y9/jv5x0s853hb...}, fedcm:accounts: true, goog:chromeOptions: {debuggerAddress: localhost:51117}, networkConnectionEnabled: false, pageLoadStrategy: normal, platformName: mac, proxy: Proxy(), se:cdp: ws://localhost:51117/devtoo..., se:cdpVersion: 128.0.6613.138, setWindowRect: true, strictFileInteractability: false, timeouts: {implicit: 0, pageLoad: 300000, script: 30000}, unhandledPromptBehavior: dismiss and notify, webauthn:extension:credBlob: true, webauthn:extension:largeBlob: true, webauthn:extension:minPinLength: true, webauthn:extension:prf: true, webauthn:virtualAuthenticators: true}
Session ID: e5253e54f7a7a590a3731ed17d92c949
at java.base/jdk.internal.reflect.DirectConstructorHandleAccessor.newInstance(DirectConstructorHandleAccessor.java:62)
at java.base/java.lang.reflect.Constructor.newInstanceWithCaller(Constructor.java:502)
at java.base/java.lang.reflect.Constructor.newInstance(Constructor.java:486)
at org.openqa.selenium.remote.ErrorCodec.decode(ErrorCodec.java:167)
at org.openqa.selenium.remote.codec.w3c.W3CHttpResponseCodec.decode(W3CHttpResponseCodec.java:138)
at org.openqa.selenium.remote.codec.w3c.W3CHttpResponseCodec.decode(W3CHttpResponseCodec.java:50)
at org.openqa.selenium.remote.HttpCommandExecutor.execute(HttpCommandExecutor.java:190)
at org.openqa.selenium.remote.service.DriverCommandExecutor.invokeExecute(DriverCommandExecutor.java:216)
at org.openqa.selenium.remote.service.DriverCommandExecutor.execute(DriverCommandExecutor.java:174)
at org.openqa.selenium.remote.RemoteWebDriver.execute(RemoteWebDriver.java:518)
at org.openqa.selenium.remote.ElementLocation$ElementFinder$2.findElement(ElementLocation.java:165)
at org.openqa.selenium.remote.ElementLocation.findElement(ElementLocation.java:59)
at org.openqa.selenium.remote.RemoteWebDriver.findElement(RemoteWebDriver.java:355)
at org.openqa.selenium.remote.RemoteWebDriver.findElement(RemoteWebDriver.java:349)
at selenium.JavaScriptExec.javascriptExecu(JavaScriptExec.java:30)
at java.base/jdk.internal.reflect.DirectMethodHandleAccessor.invoke(DirectMethodHandleAccessor.java:103)
at java.base/java.lang.reflect.Method.invoke(Method.java:580)
at org.testng.internal.MethodInvocationHelper.invokeMethod(MethodInvocationHelper.java:133)
at org.testng.internal.TestInvoker.invokeMethod(TestInvoker.java:598)
at org.testng.internal.TestInvoker.invokeTestMethod(TestInvoker.java:173)
at org.testng.internal.MethodRunner.runInSequence(MethodRunner.java:46)
at org.testng.internal.TestInvoker$MethodInvocationAgent.invoke(TestInvoker.java:824)
at org.testng.internal.TestInvoker.invokeTestMethods(TestInvoker.java:146)
at org.testng.internal.TestMethodWorker.invokeTestMethods(TestMethodWorker.java:146)
at org.testng.internal.TestMethodWorker.run(TestMethodWorker.java:128)
at java.base/java.util.concurrent.ThreadPoolExecutor.runWorker(ThreadPoolExecutor.java:1144)
at java.base/java.util.concurrent.ThreadPoolExecutor$Worker.run(ThreadPoolExecutor.java:642)
at java.base/java.lang.Thread.run(Thread.java:1583)
]]>
    </failure>
  </testcase> <!-- javascriptExecu -->
  <testcase classname="selenium.SelectClass" name="dropdownHandling" time="56.609"/>
  <testcase classname="selenium.ActionsClass" name="actionClassTest" time="62.44">
    <failure type="org.openqa.selenium.NoSuchElementException" message="no such element: Unable to locate element: {&amp;quot;method&amp;quot;:&amp;quot;xpath&amp;quot;,&amp;quot;selector&amp;quot;:&amp;quot;//div[text()=&amp;apos;Student&amp;apos;]&amp;quot;}
  (Session info: chrome=128.0.6613.138)
For documentation on this error, please visit: https://www.selenium.dev/documentation/webdriver/troubleshooting/errors#no-such-element-exception
Build info: version: &amp;apos;4.20.0&amp;apos;, revision: &amp;apos;866c76ca80&amp;apos;
System info: os.name: &amp;apos;Mac OS X&amp;apos;, os.arch: &amp;apos;aarch64&amp;apos;, os.version: &amp;apos;14.5&amp;apos;, java.version: &amp;apos;21.0.2&amp;apos;
Driver info: org.openqa.selenium.chrome.ChromeDriver
Command: [6253b0436ed2ab65d9c28b14b1692bb9, findElement {value=//div[text()=&amp;apos;Student&amp;apos;], using=xpath}]
Capabilities {acceptInsecureCerts: false, browserName: chrome, browserVersion: 128.0.6613.138, chrome: {chromedriverVersion: 128.0.6613.137 (fe621c5aa2d..., userDataDir: /var/folders/y9/jv5x0s853hb...}, fedcm:accounts: true, goog:chromeOptions: {debuggerAddress: localhost:50984}, networkConnectionEnabled: false, pageLoadStrategy: normal, platformName: mac, proxy: Proxy(), se:cdp: ws://localhost:50984/devtoo..., se:cdpVersion: 128.0.6613.138, setWindowRect: true, strictFileInteractability: false, timeouts: {implicit: 0, pageLoad: 300000, script: 30000}, unhandledPromptBehavior: dismiss and notify, webauthn:extension:credBlob: true, webauthn:extension:largeBlob: true, webauthn:extension:minPinLength: true, webauthn:extension:prf: true, webauthn:virtualAuthenticators: true}
Session ID: 6253b0436ed2ab65d9c28b14b1692bb9">
      <![CDATA[org.openqa.selenium.NoSuchElementException: no such element: Unable to locate element: {"method":"xpath","selector":"//div[text()='Student']"}
  (Session info: chrome=128.0.6613.138)
For documentation on this error, please visit: https://www.selenium.dev/documentation/webdriver/troubleshooting/errors#no-such-element-exception
Build info: version: '4.20.0', revision: '866c76ca80'
System info: os.name: 'Mac OS X', os.arch: 'aarch64', os.version: '14.5', java.version: '21.0.2'
Driver info: org.openqa.selenium.chrome.ChromeDriver
Command: [6253b0436ed2ab65d9c28b14b1692bb9, findElement {value=//div[text()='Student'], using=xpath}]
Capabilities {acceptInsecureCerts: false, browserName: chrome, browserVersion: 128.0.6613.138, chrome: {chromedriverVersion: 128.0.6613.137 (fe621c5aa2d..., userDataDir: /var/folders/y9/jv5x0s853hb...}, fedcm:accounts: true, goog:chromeOptions: {debuggerAddress: localhost:50984}, networkConnectionEnabled: false, pageLoadStrategy: normal, platformName: mac, proxy: Proxy(), se:cdp: ws://localhost:50984/devtoo..., se:cdpVersion: 128.0.6613.138, setWindowRect: true, strictFileInteractability: false, timeouts: {implicit: 0, pageLoad: 300000, script: 30000}, unhandledPromptBehavior: dismiss and notify, webauthn:extension:credBlob: true, webauthn:extension:largeBlob: true, webauthn:extension:minPinLength: true, webauthn:extension:prf: true, webauthn:virtualAuthenticators: true}
Session ID: 6253b0436ed2ab65d9c28b14b1692bb9
at java.base/jdk.internal.reflect.DirectConstructorHandleAccessor.newInstance(DirectConstructorHandleAccessor.java:62)
at java.base/java.lang.reflect.Constructor.newInstanceWithCaller(Constructor.java:502)
at java.base/java.lang.reflect.Constructor.newInstance(Constructor.java:486)
at org.openqa.selenium.remote.ErrorCodec.decode(ErrorCodec.java:167)
at org.openqa.selenium.remote.codec.w3c.W3CHttpResponseCodec.decode(W3CHttpResponseCodec.java:138)
at org.openqa.selenium.remote.codec.w3c.W3CHttpResponseCodec.decode(W3CHttpResponseCodec.java:50)
at org.openqa.selenium.remote.HttpCommandExecutor.execute(HttpCommandExecutor.java:190)
at org.openqa.selenium.remote.service.DriverCommandExecutor.invokeExecute(DriverCommandExecutor.java:216)
at org.openqa.selenium.remote.service.DriverCommandExecutor.execute(DriverCommandExecutor.java:174)
at org.openqa.selenium.remote.RemoteWebDriver.execute(RemoteWebDriver.java:518)
at org.openqa.selenium.remote.ElementLocation$ElementFinder$2.findElement(ElementLocation.java:165)
at org.openqa.selenium.remote.ElementLocation.findElement(ElementLocation.java:59)
at org.openqa.selenium.remote.RemoteWebDriver.findElement(RemoteWebDriver.java:355)
at org.openqa.selenium.remote.RemoteWebDriver.findElement(RemoteWebDriver.java:349)
at selenium.ActionsClass.actionClassTest(ActionsClass.java:27)
at java.base/jdk.internal.reflect.DirectMethodHandleAccessor.invoke(DirectMethodHandleAccessor.java:103)
at java.base/java.lang.reflect.Method.invoke(Method.java:580)
at org.testng.internal.MethodInvocationHelper.invokeMethod(MethodInvocationHelper.java:133)
at org.testng.internal.TestInvoker.invokeMethod(TestInvoker.java:598)
at org.testng.internal.TestInvoker.invokeTestMethod(TestInvoker.java:173)
at org.testng.internal.MethodRunner.runInSequence(MethodRunner.java:46)
at org.testng.internal.TestInvoker$MethodInvocationAgent.invoke(TestInvoker.java:824)
at org.testng.internal.TestInvoker.invokeTestMethods(TestInvoker.java:146)
at org.testng.internal.TestMethodWorker.invokeTestMethods(TestMethodWorker.java:146)
at org.testng.internal.TestMethodWorker.run(TestMethodWorker.java:128)
at java.base/java.util.concurrent.ThreadPoolExecutor.runWorker(ThreadPoolExecutor.java:1144)
at java.base/java.util.concurrent.ThreadPoolExecutor$Worker.run(ThreadPoolExecutor.java:642)
at java.base/java.lang.Thread.run(Thread.java:1583)
]]>
    </failure>
  </testcase> <!-- actionClassTest -->
  <testcase classname="selenium.Tab_Handling" name="tab_Handling" time="18.589"/>
  <testcase classname="selenium.Window_Authentication_popup" name="windows_Auth_Popup1" time="2.04"/>
  <testcase classname="selenium.Window_Authentication_popup" name="windows_Auth_Popup2" time="0.091">
    <failure type="org.openqa.selenium.InvalidArgumentException" message="invalid argument
  (Session info: chrome=128.0.6613.138)
Build info: version: &amp;apos;4.20.0&amp;apos;, revision: &amp;apos;866c76ca80&amp;apos;
System info: os.name: &amp;apos;Mac OS X&amp;apos;, os.arch: &amp;apos;aarch64&amp;apos;, os.version: &amp;apos;14.5&amp;apos;, java.version: &amp;apos;21.0.2&amp;apos;
Driver info: org.openqa.selenium.chrome.ChromeDriver
Command: [0075db08ca0ba82bd4e5366dfc7462eb, get {url=URL}]
Capabilities {acceptInsecureCerts: false, browserName: chrome, browserVersion: 128.0.6613.138, chrome: {chromedriverVersion: 128.0.6613.137 (fe621c5aa2d..., userDataDir: /var/folders/y9/jv5x0s853hb...}, fedcm:accounts: true, goog:chromeOptions: {debuggerAddress: localhost:51261}, networkConnectionEnabled: false, pageLoadStrategy: normal, platformName: mac, proxy: Proxy(), se:cdp: ws://localhost:51261/devtoo..., se:cdpVersion: 128.0.6613.138, setWindowRect: true, strictFileInteractability: false, timeouts: {implicit: 0, pageLoad: 300000, script: 30000}, unhandledPromptBehavior: dismiss and notify, webauthn:extension:credBlob: true, webauthn:extension:largeBlob: true, webauthn:extension:minPinLength: true, webauthn:extension:prf: true, webauthn:virtualAuthenticators: true}
Session ID: 0075db08ca0ba82bd4e5366dfc7462eb">
      <![CDATA[org.openqa.selenium.InvalidArgumentException: invalid argument
  (Session info: chrome=128.0.6613.138)
Build info: version: '4.20.0', revision: '866c76ca80'
System info: os.name: 'Mac OS X', os.arch: 'aarch64', os.version: '14.5', java.version: '21.0.2'
Driver info: org.openqa.selenium.chrome.ChromeDriver
Command: [0075db08ca0ba82bd4e5366dfc7462eb, get {url=URL}]
Capabilities {acceptInsecureCerts: false, browserName: chrome, browserVersion: 128.0.6613.138, chrome: {chromedriverVersion: 128.0.6613.137 (fe621c5aa2d..., userDataDir: /var/folders/y9/jv5x0s853hb...}, fedcm:accounts: true, goog:chromeOptions: {debuggerAddress: localhost:51261}, networkConnectionEnabled: false, pageLoadStrategy: normal, platformName: mac, proxy: Proxy(), se:cdp: ws://localhost:51261/devtoo..., se:cdpVersion: 128.0.6613.138, setWindowRect: true, strictFileInteractability: false, timeouts: {implicit: 0, pageLoad: 300000, script: 30000}, unhandledPromptBehavior: dismiss and notify, webauthn:extension:credBlob: true, webauthn:extension:largeBlob: true, webauthn:extension:minPinLength: true, webauthn:extension:prf: true, webauthn:virtualAuthenticators: true}
Session ID: 0075db08ca0ba82bd4e5366dfc7462eb
at java.base/jdk.internal.reflect.DirectConstructorHandleAccessor.newInstance(DirectConstructorHandleAccessor.java:62)
at java.base/java.lang.reflect.Constructor.newInstanceWithCaller(Constructor.java:502)
at java.base/java.lang.reflect.Constructor.newInstance(Constructor.java:486)
at org.openqa.selenium.remote.ErrorCodec.decode(ErrorCodec.java:167)
at org.openqa.selenium.remote.codec.w3c.W3CHttpResponseCodec.decode(W3CHttpResponseCodec.java:138)
at org.openqa.selenium.remote.codec.w3c.W3CHttpResponseCodec.decode(W3CHttpResponseCodec.java:50)
at org.openqa.selenium.remote.HttpCommandExecutor.execute(HttpCommandExecutor.java:190)
at org.openqa.selenium.remote.service.DriverCommandExecutor.invokeExecute(DriverCommandExecutor.java:216)
at org.openqa.selenium.remote.service.DriverCommandExecutor.execute(DriverCommandExecutor.java:174)
at org.openqa.selenium.remote.RemoteWebDriver.execute(RemoteWebDriver.java:518)
at org.openqa.selenium.remote.RemoteWebDriver.get(RemoteWebDriver.java:300)
at selenium.Window_Authentication_popup.windows_Auth_Popup2(Window_Authentication_popup.java:71)
at java.base/jdk.internal.reflect.DirectMethodHandleAccessor.invoke(DirectMethodHandleAccessor.java:103)
at java.base/java.lang.reflect.Method.invoke(Method.java:580)
at org.testng.internal.MethodInvocationHelper.invokeMethod(MethodInvocationHelper.java:133)
at org.testng.internal.TestInvoker.invokeMethod(TestInvoker.java:598)
at org.testng.internal.TestInvoker.invokeTestMethod(TestInvoker.java:173)
at org.testng.internal.MethodRunner.runInSequence(MethodRunner.java:46)
at org.testng.internal.TestInvoker$MethodInvocationAgent.invoke(TestInvoker.java:824)
at org.testng.internal.TestInvoker.invokeTestMethods(TestInvoker.java:146)
at org.testng.internal.TestMethodWorker.invokeTestMethods(TestMethodWorker.java:146)
at org.testng.internal.TestMethodWorker.run(TestMethodWorker.java:128)
at java.base/java.util.concurrent.ThreadPoolExecutor.runWorker(ThreadPoolExecutor.java:1144)
at java.base/java.util.concurrent.ThreadPoolExecutor$Worker.run(ThreadPoolExecutor.java:642)
at java.base/java.lang.Thread.run(Thread.java:1583)
]]>
    </failure>
  </testcase> <!-- windows_Auth_Popup2 -->
  <testcase classname="selenium.Window_Authentication_popup" name="windows_Auth_Popup3" time="0.724">
    <failure type="java.io.IOException" message="Cannot run program &amp;quot;D:/Auto&amp;quot;: error=2, No such file or directory">
      <![CDATA[java.io.IOException: Cannot run program "D:/Auto": error=2, No such file or directory
at java.base/java.lang.ProcessBuilder.start(ProcessBuilder.java:1170)
at java.base/java.lang.ProcessBuilder.start(ProcessBuilder.java:1089)
at java.base/java.lang.Runtime.exec(Runtime.java:681)
at java.base/java.lang.Runtime.exec(Runtime.java:491)
at java.base/java.lang.Runtime.exec(Runtime.java:366)
at selenium.Window_Authentication_popup.windows_Auth_Popup3(Window_Authentication_popup.java:100)
at java.base/jdk.internal.reflect.DirectMethodHandleAccessor.invoke(DirectMethodHandleAccessor.java:103)
at java.base/java.lang.reflect.Method.invoke(Method.java:580)
at org.testng.internal.MethodInvocationHelper.invokeMethod(MethodInvocationHelper.java:133)
at org.testng.internal.TestInvoker.invokeMethod(TestInvoker.java:598)
at org.testng.internal.TestInvoker.invokeTestMethod(TestInvoker.java:173)
at org.testng.internal.MethodRunner.runInSequence(MethodRunner.java:46)
at org.testng.internal.TestInvoker$MethodInvocationAgent.invoke(TestInvoker.java:824)
at org.testng.internal.TestInvoker.invokeTestMethods(TestInvoker.java:146)
at org.testng.internal.TestMethodWorker.invokeTestMethods(TestMethodWorker.java:146)
at org.testng.internal.TestMethodWorker.run(TestMethodWorker.java:128)
at java.base/java.util.concurrent.ThreadPoolExecutor.runWorker(ThreadPoolExecutor.java:1144)
at java.base/java.util.concurrent.ThreadPoolExecutor$Worker.run(ThreadPoolExecutor.java:642)
at java.base/java.lang.Thread.run(Thread.java:1583)
Caused by: java.io.IOException: error=2, No such file or directory
at java.base/java.lang.ProcessImpl.forkAndExec(Native Method)
at java.base/java.lang.ProcessImpl.<init>(ProcessImpl.java:295)
at java.base/java.lang.ProcessImpl.start(ProcessImpl.java:225)
at java.base/java.lang.ProcessBuilder.start(ProcessBuilder.java:1126)
... 18 more
]]>
    </failure>
  </testcase> <!-- windows_Auth_Popup3 -->
  <testcase classname="selenium.Window_Handling" name="window_Handling" time="15.249">
    <failure type="java.lang.AssertionError" message="expected [Jobs - Recruitment - Job Search - Employment - Job Vacancies - Naukri.com] but found [Access Denied]">
      <![CDATA[java.lang.AssertionError: expected [Jobs - Recruitment - Job Search - Employment - Job Vacancies - Naukri.com] but found [Access Denied]
at org.testng.Assert.fail(Assert.java:99)
at org.testng.Assert.failNotEquals(Assert.java:1037)
at org.testng.Assert.assertEqualsImpl(Assert.java:140)
at org.testng.Assert.assertEquals(Assert.java:122)
at org.testng.Assert.assertEquals(Assert.java:629)
at org.testng.Assert.assertEquals(Assert.java:639)
at selenium.Window_Handling.window_Handling(Window_Handling.java:42)
at java.base/jdk.internal.reflect.DirectMethodHandleAccessor.invoke(DirectMethodHandleAccessor.java:103)
at java.base/java.lang.reflect.Method.invoke(Method.java:580)
at org.testng.internal.MethodInvocationHelper.invokeMethod(MethodInvocationHelper.java:133)
at org.testng.internal.TestInvoker.invokeMethod(TestInvoker.java:598)
at org.testng.internal.TestInvoker.invokeTestMethod(TestInvoker.java:173)
at org.testng.internal.MethodRunner.runInSequence(MethodRunner.java:46)
at org.testng.internal.TestInvoker$MethodInvocationAgent.invoke(TestInvoker.java:824)
at org.testng.internal.TestInvoker.invokeTestMethods(TestInvoker.java:146)
at org.testng.internal.TestMethodWorker.invokeTestMethods(TestMethodWorker.java:146)
at org.testng.internal.TestMethodWorker.run(TestMethodWorker.java:128)
at java.base/java.util.concurrent.ThreadPoolExecutor.runWorker(ThreadPoolExecutor.java:1144)
at java.base/java.util.concurrent.ThreadPoolExecutor$Worker.run(ThreadPoolExecutor.java:642)
at java.base/java.lang.Thread.run(Thread.java:1583)
]]>
    </failure>
  </testcase> <!-- window_Handling -->
  <testcase classname="selenium.FindBrokenLinks" name="verifyLinks" time="25.777"/>
  <testcase classname="utilities.BaseClass" name="@AfterSuite flushExtentReport" time="0.0">
    <ignored/>
  </testcase> <!-- @AfterSuite flushExtentReport -->
  <testcase classname="utilities.BaseClass" name="@AfterSuite flushExtentReport" time="0.0">
    <ignored/>
  </testcase> <!-- @AfterSuite flushExtentReport -->
  <testcase classname="utilities.BaseClass" name="@AfterSuite flushExtentReport" time="0.0">
    <ignored/>
  </testcase> <!-- @AfterSuite flushExtentReport -->
  <testcase classname="utilities.BaseClass" name="@AfterSuite flushExtentReport" time="0.0">
    <ignored/>
  </testcase> <!-- @AfterSuite flushExtentReport -->
  <testcase classname="utilities.BaseClass" name="@AfterSuite flushExtentReport" time="0.0">
    <ignored/>
  </testcase> <!-- @AfterSuite flushExtentReport -->
  <testcase classname="utilities.BaseClass" name="@AfterSuite flushExtentReport" time="0.0">
    <ignored/>
  </testcase> <!-- @AfterSuite flushExtentReport -->
  <testcase classname="utilities.BaseClass" name="@AfterSuite flushExtentReport" time="0.0">
    <ignored/>
  </testcase> <!-- @AfterSuite flushExtentReport -->
  <testcase classname="utilities.BaseClass" name="@AfterSuite flushExtentReport" time="0.0">
    <ignored/>
  </testcase> <!-- @AfterSuite flushExtentReport -->
  <testcase classname="utilities.BaseClass" name="@AfterSuite flushExtentReport" time="0.0">
    <ignored/>
  </testcase> <!-- @AfterSuite flushExtentReport -->
  <testcase classname="utilities.BaseClass" name="@AfterSuite flushExtentReport" time="0.0">
    <ignored/>
  </testcase> <!-- @AfterSuite flushExtentReport -->
  <testcase classname="utilities.BaseClass" name="@BeforeSuite extentReportSetup" time="0.0">
    <ignored/>
  </testcase> <!-- @BeforeSuite extentReportSetup -->
  <testcase classname="utilities.BaseClass" name="@BeforeSuite extentReportSetup" time="0.0">
    <ignored/>
  </testcase> <!-- @BeforeSuite extentReportSetup -->
  <testcase classname="utilities.BaseClass" name="@BeforeSuite extentReportSetup" time="0.0">
    <ignored/>
  </testcase> <!-- @BeforeSuite extentReportSetup -->
  <testcase classname="utilities.BaseClass" name="@BeforeSuite extentReportSetup" time="0.0">
    <ignored/>
  </testcase> <!-- @BeforeSuite extentReportSetup -->
  <testcase classname="utilities.BaseClass" name="@BeforeSuite extentReportSetup" time="0.0">
    <ignored/>
  </testcase> <!-- @BeforeSuite extentReportSetup -->
  <testcase classname="utilities.BaseClass" name="@BeforeSuite extentReportSetup" time="0.0">
    <ignored/>
  </testcase> <!-- @BeforeSuite extentReportSetup -->
  <testcase classname="utilities.BaseClass" name="@BeforeSuite extentReportSetup" time="0.0">
    <ignored/>
  </testcase> <!-- @BeforeSuite extentReportSetup -->
  <testcase classname="utilities.BaseClass" name="@BeforeSuite extentReportSetup" time="0.0">
    <ignored/>
  </testcase> <!-- @BeforeSuite extentReportSetup -->
  <testcase classname="utilities.BaseClass" name="@BeforeSuite extentReportSetup" time="0.0">
    <ignored/>
  </testcase> <!-- @BeforeSuite extentReportSetup -->
  <testcase classname="utilities.BaseClass" name="@BeforeSuite extentReportSetup" time="0.0">
    <ignored/>
  </testcase> <!-- @BeforeSuite extentReportSetup -->
</testsuite> <!-- package level execution -->
